{"C:\\Users\\User\\ip-rezaarga29-dev\\server\\app.js": {"path":"C:\\Users\\User\\ip-rezaarga29-dev\\server\\app.js","statementMap":{"0":{"start":{"line":1,"column":0},"end":{"line":3,"column":1}},"1":{"start":{"line":2,"column":2},"end":{"line":2,"column":29}},"2":{"start":{"line":4,"column":16},"end":{"line":4,"column":34}},"3":{"start":{"line":5,"column":12},"end":{"line":5,"column":21}},"4":{"start":{"line":6,"column":15},"end":{"line":6,"column":35}},"5":{"start":{"line":7,"column":21},"end":{"line":7,"column":58}},"6":{"start":{"line":8,"column":13},"end":{"line":8,"column":28}},"7":{"start":{"line":10,"column":0},"end":{"line":10,"column":16}},"8":{"start":{"line":11,"column":0},"end":{"line":11,"column":48}},"9":{"start":{"line":12,"column":0},"end":{"line":12,"column":24}},"10":{"start":{"line":13,"column":0},"end":{"line":13,"column":16}},"11":{"start":{"line":14,"column":0},"end":{"line":14,"column":22}},"12":{"start":{"line":16,"column":0},"end":{"line":16,"column":21}}},"fnMap":{},"branchMap":{"0":{"loc":{"start":{"line":1,"column":0},"end":{"line":3,"column":1}},"type":"if","locations":[{"start":{"line":1,"column":0},"end":{"line":3,"column":1}},{"start":{},"end":{}}],"line":1}},"s":{"0":1,"1":1,"2":1,"3":1,"4":1,"5":1,"6":1,"7":1,"8":1,"9":1,"10":1,"11":1,"12":1},"f":{},"b":{"0":[1,0]},"_coverageSchema":"1a1c01bbd47fc00a2c39e90264f33305004495a9","hash":"3cea92663ae1a865b0ca5b57493885e1328881c8"}
,"C:\\Users\\User\\ip-rezaarga29-dev\\server\\controllers\\UserController.js": {"path":"C:\\Users\\User\\ip-rezaarga29-dev\\server\\controllers\\UserController.js","statementMap":{"0":{"start":{"line":1,"column":28},"end":{"line":1,"column":56}},"1":{"start":{"line":2,"column":24},"end":{"line":2,"column":49}},"2":{"start":{"line":3,"column":17},"end":{"line":3,"column":37}},"3":{"start":{"line":4,"column":25},"end":{"line":4,"column":55}},"4":{"start":{"line":5,"column":15},"end":{"line":5,"column":33}},"5":{"start":{"line":6,"column":23},"end":{"line":6,"column":49}},"6":{"start":{"line":9,"column":4},"end":{"line":20,"column":5}},"7":{"start":{"line":10,"column":32},"end":{"line":10,"column":40}},"8":{"start":{"line":11,"column":20},"end":{"line":14,"column":8}},"9":{"start":{"line":16,"column":63},"end":{"line":16,"column":79}},"10":{"start":{"line":17,"column":6},"end":{"line":17,"column":61}},"11":{"start":{"line":19,"column":6},"end":{"line":19,"column":18}},"12":{"start":{"line":24,"column":4},"end":{"line":51,"column":5}},"13":{"start":{"line":25,"column":32},"end":{"line":25,"column":40}},"14":{"start":{"line":26,"column":6},"end":{"line":28,"column":7}},"15":{"start":{"line":27,"column":8},"end":{"line":27,"column":37}},"16":{"start":{"line":30,"column":17},"end":{"line":32,"column":8}},"17":{"start":{"line":33,"column":6},"end":{"line":35,"column":7}},"18":{"start":{"line":34,"column":8},"end":{"line":34,"column":38}},"19":{"start":{"line":37,"column":20},"end":{"line":37,"column":60}},"20":{"start":{"line":38,"column":6},"end":{"line":40,"column":7}},"21":{"start":{"line":39,"column":8},"end":{"line":39,"column":38}},"22":{"start":{"line":42,"column":18},"end":{"line":44,"column":8}},"23":{"start":{"line":46,"column":6},"end":{"line":48,"column":9}},"24":{"start":{"line":50,"column":6},"end":{"line":50,"column":18}},"25":{"start":{"line":55,"column":4},"end":{"line":81,"column":5}},"26":{"start":{"line":56,"column":31},"end":{"line":56,"column":42}},"27":{"start":{"line":58,"column":21},"end":{"line":62,"column":8}},"28":{"start":{"line":63,"column":22},"end":{"line":63,"column":41}},"29":{"start":{"line":64,"column":30},"end":{"line":70,"column":8}},"30":{"start":{"line":71,"column":18},"end":{"line":73,"column":8}},"31":{"start":{"line":75,"column":6},"end":{"line":77,"column":9}},"32":{"start":{"line":79,"column":6},"end":{"line":79,"column":25}},"33":{"start":{"line":80,"column":6},"end":{"line":80,"column":18}},"34":{"start":{"line":85,"column":4},"end":{"line":109,"column":5}},"35":{"start":{"line":86,"column":19},"end":{"line":86,"column":51}},"36":{"start":{"line":88,"column":17},"end":{"line":91,"column":8}},"37":{"start":{"line":92,"column":22},"end":{"line":103,"column":7}},"38":{"start":{"line":104,"column":28},"end":{"line":104,"column":67}},"39":{"start":{"line":105,"column":6},"end":{"line":105,"column":42}},"40":{"start":{"line":107,"column":6},"end":{"line":107,"column":25}},"41":{"start":{"line":108,"column":6},"end":{"line":108,"column":18}},"42":{"start":{"line":113,"column":0},"end":{"line":113,"column":32}}},"fnMap":{"0":{"name":"(anonymous_0)","decl":{"start":{"line":8,"column":2},"end":{"line":8,"column":3}},"loc":{"start":{"line":8,"column":48},"end":{"line":21,"column":3}},"line":8},"1":{"name":"(anonymous_1)","decl":{"start":{"line":23,"column":2},"end":{"line":23,"column":3}},"loc":{"start":{"line":23,"column":41},"end":{"line":52,"column":3}},"line":23},"2":{"name":"(anonymous_2)","decl":{"start":{"line":54,"column":2},"end":{"line":54,"column":3}},"loc":{"start":{"line":54,"column":43},"end":{"line":82,"column":3}},"line":54},"3":{"name":"(anonymous_3)","decl":{"start":{"line":84,"column":2},"end":{"line":84,"column":3}},"loc":{"start":{"line":84,"column":52},"end":{"line":110,"column":3}},"line":84}},"branchMap":{"0":{"loc":{"start":{"line":26,"column":6},"end":{"line":28,"column":7}},"type":"if","locations":[{"start":{"line":26,"column":6},"end":{"line":28,"column":7}},{"start":{},"end":{}}],"line":26},"1":{"loc":{"start":{"line":26,"column":10},"end":{"line":26,"column":29}},"type":"binary-expr","locations":[{"start":{"line":26,"column":10},"end":{"line":26,"column":16}},{"start":{"line":26,"column":20},"end":{"line":26,"column":29}}],"line":26},"2":{"loc":{"start":{"line":33,"column":6},"end":{"line":35,"column":7}},"type":"if","locations":[{"start":{"line":33,"column":6},"end":{"line":35,"column":7}},{"start":{},"end":{}}],"line":33},"3":{"loc":{"start":{"line":38,"column":6},"end":{"line":40,"column":7}},"type":"if","locations":[{"start":{"line":38,"column":6},"end":{"line":40,"column":7}},{"start":{},"end":{}}],"line":38}},"s":{"0":1,"1":1,"2":1,"3":1,"4":1,"5":1,"6":0,"7":0,"8":0,"9":0,"10":0,"11":0,"12":6,"13":6,"14":6,"15":2,"16":4,"17":4,"18":1,"19":3,"20":3,"21":1,"22":2,"23":2,"24":4,"25":0,"26":0,"27":0,"28":0,"29":0,"30":0,"31":0,"32":0,"33":0,"34":0,"35":0,"36":0,"37":0,"38":0,"39":0,"40":0,"41":0,"42":1},"f":{"0":0,"1":6,"2":0,"3":0},"b":{"0":[2,4],"1":[6,5],"2":[1,3],"3":[1,2]},"_coverageSchema":"1a1c01bbd47fc00a2c39e90264f33305004495a9","hash":"e5f7a9fc5e0a9527b32e4de09d1a9da16fc64d08"}
,"C:\\Users\\User\\ip-rezaarga29-dev\\server\\controllers\\WatchlistController.js": {"path":"C:\\Users\\User\\ip-rezaarga29-dev\\server\\controllers\\WatchlistController.js","statementMap":{"0":{"start":{"line":1,"column":22},"end":{"line":1,"column":42}},"1":{"start":{"line":5,"column":4},"end":{"line":34,"column":5}},"2":{"start":{"line":6,"column":50},"end":{"line":6,"column":58}},"3":{"start":{"line":8,"column":6},"end":{"line":10,"column":7}},"4":{"start":{"line":9,"column":8},"end":{"line":9,"column":38}},"5":{"start":{"line":12,"column":36},"end":{"line":17,"column":8}},"6":{"start":{"line":19,"column":6},"end":{"line":21,"column":7}},"7":{"start":{"line":20,"column":8},"end":{"line":20,"column":40}},"8":{"start":{"line":23,"column":17},"end":{"line":29,"column":8}},"9":{"start":{"line":30,"column":6},"end":{"line":30,"column":69}},"10":{"start":{"line":32,"column":6},"end":{"line":32,"column":25}},"11":{"start":{"line":33,"column":6},"end":{"line":33,"column":18}},"12":{"start":{"line":38,"column":4},"end":{"line":51,"column":5}},"13":{"start":{"line":39,"column":17},"end":{"line":43,"column":8}},"14":{"start":{"line":44,"column":6},"end":{"line":46,"column":7}},"15":{"start":{"line":45,"column":8},"end":{"line":45,"column":39}},"16":{"start":{"line":47,"column":6},"end":{"line":47,"column":37}},"17":{"start":{"line":49,"column":6},"end":{"line":49,"column":25}},"18":{"start":{"line":50,"column":6},"end":{"line":50,"column":18}},"19":{"start":{"line":55,"column":4},"end":{"line":68,"column":5}},"20":{"start":{"line":56,"column":19},"end":{"line":56,"column":29}},"21":{"start":{"line":57,"column":6},"end":{"line":59,"column":7}},"22":{"start":{"line":58,"column":8},"end":{"line":58,"column":38}},"23":{"start":{"line":60,"column":17},"end":{"line":60,"column":45}},"24":{"start":{"line":61,"column":6},"end":{"line":63,"column":7}},"25":{"start":{"line":62,"column":8},"end":{"line":62,"column":39}},"26":{"start":{"line":64,"column":6},"end":{"line":64,"column":34}},"27":{"start":{"line":65,"column":6},"end":{"line":65,"column":77}},"28":{"start":{"line":67,"column":6},"end":{"line":67,"column":18}},"29":{"start":{"line":72,"column":4},"end":{"line":81,"column":5}},"30":{"start":{"line":73,"column":19},"end":{"line":73,"column":29}},"31":{"start":{"line":74,"column":17},"end":{"line":74,"column":45}},"32":{"start":{"line":75,"column":6},"end":{"line":77,"column":7}},"33":{"start":{"line":76,"column":8},"end":{"line":76,"column":39}},"34":{"start":{"line":78,"column":6},"end":{"line":78,"column":37}},"35":{"start":{"line":80,"column":6},"end":{"line":80,"column":18}},"36":{"start":{"line":85,"column":4},"end":{"line":99,"column":5}},"37":{"start":{"line":86,"column":19},"end":{"line":86,"column":29}},"38":{"start":{"line":88,"column":17},"end":{"line":88,"column":45}},"39":{"start":{"line":90,"column":6},"end":{"line":92,"column":7}},"40":{"start":{"line":91,"column":8},"end":{"line":91,"column":39}},"41":{"start":{"line":93,"column":6},"end":{"line":93,"column":21}},"42":{"start":{"line":94,"column":6},"end":{"line":96,"column":68}},"43":{"start":{"line":98,"column":6},"end":{"line":98,"column":18}},"44":{"start":{"line":103,"column":0},"end":{"line":103,"column":37}}},"fnMap":{"0":{"name":"(anonymous_0)","decl":{"start":{"line":4,"column":2},"end":{"line":4,"column":3}},"loc":{"start":{"line":4,"column":45},"end":{"line":35,"column":3}},"line":4},"1":{"name":"(anonymous_1)","decl":{"start":{"line":37,"column":2},"end":{"line":37,"column":3}},"loc":{"start":{"line":37,"column":49},"end":{"line":52,"column":3}},"line":37},"2":{"name":"(anonymous_2)","decl":{"start":{"line":54,"column":2},"end":{"line":54,"column":3}},"loc":{"start":{"line":54,"column":48},"end":{"line":69,"column":3}},"line":54},"3":{"name":"(anonymous_3)","decl":{"start":{"line":71,"column":2},"end":{"line":71,"column":3}},"loc":{"start":{"line":71,"column":48},"end":{"line":82,"column":3}},"line":71},"4":{"name":"(anonymous_4)","decl":{"start":{"line":84,"column":2},"end":{"line":84,"column":3}},"loc":{"start":{"line":84,"column":51},"end":{"line":100,"column":3}},"line":84}},"branchMap":{"0":{"loc":{"start":{"line":8,"column":6},"end":{"line":10,"column":7}},"type":"if","locations":[{"start":{"line":8,"column":6},"end":{"line":10,"column":7}},{"start":{},"end":{}}],"line":8},"1":{"loc":{"start":{"line":19,"column":6},"end":{"line":21,"column":7}},"type":"if","locations":[{"start":{"line":19,"column":6},"end":{"line":21,"column":7}},{"start":{},"end":{}}],"line":19},"2":{"loc":{"start":{"line":44,"column":6},"end":{"line":46,"column":7}},"type":"if","locations":[{"start":{"line":44,"column":6},"end":{"line":46,"column":7}},{"start":{},"end":{}}],"line":44},"3":{"loc":{"start":{"line":44,"column":10},"end":{"line":44,"column":36}},"type":"binary-expr","locations":[{"start":{"line":44,"column":10},"end":{"line":44,"column":15}},{"start":{"line":44,"column":19},"end":{"line":44,"column":36}}],"line":44},"4":{"loc":{"start":{"line":57,"column":6},"end":{"line":59,"column":7}},"type":"if","locations":[{"start":{"line":57,"column":6},"end":{"line":59,"column":7}},{"start":{},"end":{}}],"line":57},"5":{"loc":{"start":{"line":61,"column":6},"end":{"line":63,"column":7}},"type":"if","locations":[{"start":{"line":61,"column":6},"end":{"line":63,"column":7}},{"start":{},"end":{}}],"line":61},"6":{"loc":{"start":{"line":75,"column":6},"end":{"line":77,"column":7}},"type":"if","locations":[{"start":{"line":75,"column":6},"end":{"line":77,"column":7}},{"start":{},"end":{}}],"line":75},"7":{"loc":{"start":{"line":90,"column":6},"end":{"line":92,"column":7}},"type":"if","locations":[{"start":{"line":90,"column":6},"end":{"line":92,"column":7}},{"start":{},"end":{}}],"line":90}},"s":{"0":1,"1":4,"2":4,"3":4,"4":1,"5":3,"6":3,"7":0,"8":3,"9":3,"10":1,"11":1,"12":0,"13":0,"14":0,"15":0,"16":0,"17":0,"18":0,"19":2,"20":2,"21":2,"22":1,"23":1,"24":1,"25":0,"26":1,"27":1,"28":1,"29":0,"30":0,"31":0,"32":0,"33":0,"34":0,"35":0,"36":1,"37":1,"38":1,"39":1,"40":0,"41":1,"42":1,"43":0,"44":1},"f":{"0":4,"1":0,"2":2,"3":0,"4":1},"b":{"0":[1,3],"1":[0,3],"2":[0,0],"3":[0,0],"4":[1,1],"5":[0,1],"6":[0,0],"7":[0,1]},"_coverageSchema":"1a1c01bbd47fc00a2c39e90264f33305004495a9","hash":"e6db3ed7011088265aabfb55ad90967cf65c7966"}
,"C:\\Users\\User\\ip-rezaarga29-dev\\server\\helpers\\bcrypt.js": {"path":"C:\\Users\\User\\ip-rezaarga29-dev\\server\\helpers\\bcrypt.js","statementMap":{"0":{"start":{"line":1,"column":34},"end":{"line":1,"column":53}},"1":{"start":{"line":3,"column":21},"end":{"line":6,"column":1}},"2":{"start":{"line":4,"column":13},"end":{"line":4,"column":31}},"3":{"start":{"line":5,"column":2},"end":{"line":5,"column":14}},"4":{"start":{"line":8,"column":24},"end":{"line":11,"column":1}},"5":{"start":{"line":9,"column":16},"end":{"line":9,"column":54}},"6":{"start":{"line":10,"column":2},"end":{"line":10,"column":17}},"7":{"start":{"line":13,"column":0},"end":{"line":13,"column":51}}},"fnMap":{"0":{"name":"(anonymous_0)","decl":{"start":{"line":3,"column":21},"end":{"line":3,"column":22}},"loc":{"start":{"line":3,"column":35},"end":{"line":6,"column":1}},"line":3},"1":{"name":"(anonymous_1)","decl":{"start":{"line":8,"column":24},"end":{"line":8,"column":25}},"loc":{"start":{"line":8,"column":55},"end":{"line":11,"column":1}},"line":8}},"branchMap":{},"s":{"0":1,"1":1,"2":0,"3":0,"4":1,"5":3,"6":3,"7":1},"f":{"0":0,"1":3},"b":{},"_coverageSchema":"1a1c01bbd47fc00a2c39e90264f33305004495a9","hash":"780347b2b7a454c1a536290e32e53c0b34ad5001"}
,"C:\\Users\\User\\ip-rezaarga29-dev\\server\\helpers\\jwt.js": {"path":"C:\\Users\\User\\ip-rezaarga29-dev\\server\\helpers\\jwt.js","statementMap":{"0":{"start":{"line":1,"column":12},"end":{"line":1,"column":35}},"1":{"start":{"line":2,"column":15},"end":{"line":2,"column":37}},"2":{"start":{"line":4,"column":20},"end":{"line":8,"column":1}},"3":{"start":{"line":5,"column":14},"end":{"line":5,"column":39}},"4":{"start":{"line":7,"column":2},"end":{"line":7,"column":15}},"5":{"start":{"line":10,"column":20},"end":{"line":14,"column":1}},"6":{"start":{"line":11,"column":16},"end":{"line":11,"column":41}},"7":{"start":{"line":13,"column":2},"end":{"line":13,"column":17}},"8":{"start":{"line":16,"column":0},"end":{"line":16,"column":46}}},"fnMap":{"0":{"name":"(anonymous_0)","decl":{"start":{"line":4,"column":20},"end":{"line":4,"column":21}},"loc":{"start":{"line":4,"column":33},"end":{"line":8,"column":1}},"line":4},"1":{"name":"(anonymous_1)","decl":{"start":{"line":10,"column":20},"end":{"line":10,"column":21}},"loc":{"start":{"line":10,"column":31},"end":{"line":14,"column":1}},"line":10}},"branchMap":{},"s":{"0":1,"1":1,"2":1,"3":2,"4":2,"5":1,"6":14,"7":11,"8":1},"f":{"0":2,"1":14},"b":{},"_coverageSchema":"1a1c01bbd47fc00a2c39e90264f33305004495a9","hash":"b76d94dd175d2e847e0b4066d72cd19bdb1c6711"}
,"C:\\Users\\User\\ip-rezaarga29-dev\\server\\middlewares\\authenticate.js": {"path":"C:\\Users\\User\\ip-rezaarga29-dev\\server\\middlewares\\authenticate.js","statementMap":{"0":{"start":{"line":1,"column":17},"end":{"line":1,"column":37}},"1":{"start":{"line":2,"column":24},"end":{"line":2,"column":49}},"2":{"start":{"line":4,"column":23},"end":{"line":31,"column":1}},"3":{"start":{"line":5,"column":2},"end":{"line":30,"column":3}},"4":{"start":{"line":6,"column":4},"end":{"line":8,"column":5}},"5":{"start":{"line":7,"column":6},"end":{"line":7,"column":37}},"6":{"start":{"line":10,"column":21},"end":{"line":10,"column":46}},"7":{"start":{"line":11,"column":26},"end":{"line":11,"column":47}},"8":{"start":{"line":13,"column":18},"end":{"line":13,"column":36}},"9":{"start":{"line":14,"column":15},"end":{"line":14,"column":46}},"10":{"start":{"line":15,"column":4},"end":{"line":17,"column":5}},"11":{"start":{"line":16,"column":6},"end":{"line":16,"column":37}},"12":{"start":{"line":19,"column":4},"end":{"line":21,"column":5}},"13":{"start":{"line":20,"column":6},"end":{"line":20,"column":37}},"14":{"start":{"line":23,"column":4},"end":{"line":25,"column":6}},"15":{"start":{"line":27,"column":4},"end":{"line":27,"column":11}},"16":{"start":{"line":29,"column":4},"end":{"line":29,"column":16}},"17":{"start":{"line":33,"column":0},"end":{"line":33,"column":32}}},"fnMap":{"0":{"name":"(anonymous_0)","decl":{"start":{"line":4,"column":23},"end":{"line":4,"column":24}},"loc":{"start":{"line":4,"column":49},"end":{"line":31,"column":1}},"line":4}},"branchMap":{"0":{"loc":{"start":{"line":6,"column":4},"end":{"line":8,"column":5}},"type":"if","locations":[{"start":{"line":6,"column":4},"end":{"line":8,"column":5}},{"start":{},"end":{}}],"line":6},"1":{"loc":{"start":{"line":15,"column":4},"end":{"line":17,"column":5}},"type":"if","locations":[{"start":{"line":15,"column":4},"end":{"line":17,"column":5}},{"start":{},"end":{}}],"line":15},"2":{"loc":{"start":{"line":19,"column":4},"end":{"line":21,"column":5}},"type":"if","locations":[{"start":{"line":19,"column":4},"end":{"line":21,"column":5}},{"start":{},"end":{}}],"line":19}},"s":{"0":1,"1":1,"2":1,"3":17,"4":17,"5":3,"6":14,"7":14,"8":14,"9":11,"10":11,"11":0,"12":11,"13":0,"14":11,"15":11,"16":6,"17":1},"f":{"0":17},"b":{"0":[3,14],"1":[0,11],"2":[0,11]},"_coverageSchema":"1a1c01bbd47fc00a2c39e90264f33305004495a9","hash":"71454298743262fdd4539dddbb1d7a2b0af1ec45"}
,"C:\\Users\\User\\ip-rezaarga29-dev\\server\\middlewares\\authorization.js": {"path":"C:\\Users\\User\\ip-rezaarga29-dev\\server\\middlewares\\authorization.js","statementMap":{"0":{"start":{"line":1,"column":28},"end":{"line":1,"column":48}},"1":{"start":{"line":3,"column":22},"end":{"line":21,"column":1}},"2":{"start":{"line":4,"column":2},"end":{"line":20,"column":3}},"3":{"start":{"line":5,"column":20},"end":{"line":5,"column":59}},"4":{"start":{"line":6,"column":15},"end":{"line":6,"column":47}},"5":{"start":{"line":7,"column":4},"end":{"line":9,"column":5}},"6":{"start":{"line":8,"column":6},"end":{"line":8,"column":37}},"7":{"start":{"line":11,"column":4},"end":{"line":17,"column":5}},"8":{"start":{"line":12,"column":6},"end":{"line":12,"column":13}},"9":{"start":{"line":13,"column":11},"end":{"line":17,"column":5}},"10":{"start":{"line":14,"column":6},"end":{"line":14,"column":34}},"11":{"start":{"line":16,"column":6},"end":{"line":16,"column":13}},"12":{"start":{"line":19,"column":4},"end":{"line":19,"column":16}},"13":{"start":{"line":23,"column":27},"end":{"line":35,"column":1}},"14":{"start":{"line":24,"column":2},"end":{"line":34,"column":3}},"15":{"start":{"line":25,"column":15},"end":{"line":25,"column":47}},"16":{"start":{"line":27,"column":4},"end":{"line":31,"column":5}},"17":{"start":{"line":28,"column":6},"end":{"line":28,"column":13}},"18":{"start":{"line":30,"column":6},"end":{"line":30,"column":34}},"19":{"start":{"line":33,"column":4},"end":{"line":33,"column":16}},"20":{"start":{"line":37,"column":0},"end":{"line":37,"column":55}}},"fnMap":{"0":{"name":"(anonymous_0)","decl":{"start":{"line":3,"column":22},"end":{"line":3,"column":23}},"loc":{"start":{"line":3,"column":48},"end":{"line":21,"column":1}},"line":3},"1":{"name":"(anonymous_1)","decl":{"start":{"line":23,"column":27},"end":{"line":23,"column":28}},"loc":{"start":{"line":23,"column":53},"end":{"line":35,"column":1}},"line":23}},"branchMap":{"0":{"loc":{"start":{"line":7,"column":4},"end":{"line":9,"column":5}},"type":"if","locations":[{"start":{"line":7,"column":4},"end":{"line":9,"column":5}},{"start":{},"end":{}}],"line":7},"1":{"loc":{"start":{"line":11,"column":4},"end":{"line":17,"column":5}},"type":"if","locations":[{"start":{"line":11,"column":4},"end":{"line":17,"column":5}},{"start":{"line":13,"column":11},"end":{"line":17,"column":5}}],"line":11},"2":{"loc":{"start":{"line":13,"column":11},"end":{"line":17,"column":5}},"type":"if","locations":[{"start":{"line":13,"column":11},"end":{"line":17,"column":5}},{"start":{"line":15,"column":11},"end":{"line":17,"column":5}}],"line":13},"3":{"loc":{"start":{"line":27,"column":4},"end":{"line":31,"column":5}},"type":"if","locations":[{"start":{"line":27,"column":4},"end":{"line":31,"column":5}},{"start":{"line":29,"column":11},"end":{"line":31,"column":5}}],"line":27}},"s":{"0":1,"1":1,"2":7,"3":7,"4":7,"5":7,"6":2,"7":5,"8":3,"9":2,"10":2,"11":0,"12":4,"13":1,"14":0,"15":0,"16":0,"17":0,"18":0,"19":0,"20":1},"f":{"0":7,"1":0},"b":{"0":[2,5],"1":[3,2],"2":[2,0],"3":[0,0]},"_coverageSchema":"1a1c01bbd47fc00a2c39e90264f33305004495a9","hash":"39c5429fa3f31762f4431d0cd7a25f11fe3dee9d"}
,"C:\\Users\\User\\ip-rezaarga29-dev\\server\\middlewares\\errorHandler.js": {"path":"C:\\Users\\User\\ip-rezaarga29-dev\\server\\middlewares\\errorHandler.js","statementMap":{"0":{"start":{"line":2,"column":2},"end":{"line":34,"column":3}},"1":{"start":{"line":3,"column":18},"end":{"line":3,"column":41}},"2":{"start":{"line":4,"column":4},"end":{"line":4,"column":38}},"3":{"start":{"line":5,"column":9},"end":{"line":34,"column":3}},"4":{"start":{"line":6,"column":4},"end":{"line":6,"column":70}},"5":{"start":{"line":7,"column":9},"end":{"line":34,"column":3}},"6":{"start":{"line":8,"column":4},"end":{"line":8,"column":63}},"7":{"start":{"line":9,"column":9},"end":{"line":34,"column":3}},"8":{"start":{"line":14,"column":4},"end":{"line":14,"column":58}},"9":{"start":{"line":15,"column":9},"end":{"line":34,"column":3}},"10":{"start":{"line":16,"column":16},"end":{"line":18,"column":6}},"11":{"start":{"line":17,"column":6},"end":{"line":17,"column":25}},"12":{"start":{"line":19,"column":9},"end":{"line":34,"column":3}},"13":{"start":{"line":20,"column":4},"end":{"line":20,"column":71}},"14":{"start":{"line":21,"column":9},"end":{"line":34,"column":3}},"15":{"start":{"line":22,"column":4},"end":{"line":22,"column":56}},"16":{"start":{"line":23,"column":9},"end":{"line":34,"column":3}},"17":{"start":{"line":24,"column":4},"end":{"line":24,"column":67}},"18":{"start":{"line":25,"column":9},"end":{"line":34,"column":3}},"19":{"start":{"line":29,"column":4},"end":{"line":29,"column":62}},"20":{"start":{"line":30,"column":9},"end":{"line":34,"column":3}},"21":{"start":{"line":31,"column":4},"end":{"line":31,"column":68}},"22":{"start":{"line":33,"column":4},"end":{"line":33,"column":63}},"23":{"start":{"line":37,"column":0},"end":{"line":37,"column":30}}},"fnMap":{"0":{"name":"errorHandler","decl":{"start":{"line":1,"column":9},"end":{"line":1,"column":21}},"loc":{"start":{"line":1,"column":45},"end":{"line":35,"column":1}},"line":1},"1":{"name":"(anonymous_1)","decl":{"start":{"line":16,"column":30},"end":{"line":16,"column":31}},"loc":{"start":{"line":16,"column":39},"end":{"line":18,"column":5}},"line":16}},"branchMap":{"0":{"loc":{"start":{"line":2,"column":2},"end":{"line":34,"column":3}},"type":"if","locations":[{"start":{"line":2,"column":2},"end":{"line":34,"column":3}},{"start":{"line":5,"column":9},"end":{"line":34,"column":3}}],"line":2},"1":{"loc":{"start":{"line":5,"column":9},"end":{"line":34,"column":3}},"type":"if","locations":[{"start":{"line":5,"column":9},"end":{"line":34,"column":3}},{"start":{"line":7,"column":9},"end":{"line":34,"column":3}}],"line":5},"2":{"loc":{"start":{"line":7,"column":9},"end":{"line":34,"column":3}},"type":"if","locations":[{"start":{"line":7,"column":9},"end":{"line":34,"column":3}},{"start":{"line":9,"column":9},"end":{"line":34,"column":3}}],"line":7},"3":{"loc":{"start":{"line":9,"column":9},"end":{"line":34,"column":3}},"type":"if","locations":[{"start":{"line":9,"column":9},"end":{"line":34,"column":3}},{"start":{"line":15,"column":9},"end":{"line":34,"column":3}}],"line":9},"4":{"loc":{"start":{"line":10,"column":4},"end":{"line":12,"column":46}},"type":"binary-expr","locations":[{"start":{"line":10,"column":4},"end":{"line":10,"column":51}},{"start":{"line":11,"column":4},"end":{"line":11,"column":33}},{"start":{"line":12,"column":4},"end":{"line":12,"column":46}}],"line":10},"5":{"loc":{"start":{"line":15,"column":9},"end":{"line":34,"column":3}},"type":"if","locations":[{"start":{"line":15,"column":9},"end":{"line":34,"column":3}},{"start":{"line":19,"column":9},"end":{"line":34,"column":3}}],"line":15},"6":{"loc":{"start":{"line":19,"column":9},"end":{"line":34,"column":3}},"type":"if","locations":[{"start":{"line":19,"column":9},"end":{"line":34,"column":3}},{"start":{"line":21,"column":9},"end":{"line":34,"column":3}}],"line":19},"7":{"loc":{"start":{"line":21,"column":9},"end":{"line":34,"column":3}},"type":"if","locations":[{"start":{"line":21,"column":9},"end":{"line":34,"column":3}},{"start":{"line":23,"column":9},"end":{"line":34,"column":3}}],"line":21},"8":{"loc":{"start":{"line":23,"column":9},"end":{"line":34,"column":3}},"type":"if","locations":[{"start":{"line":23,"column":9},"end":{"line":34,"column":3}},{"start":{"line":25,"column":9},"end":{"line":34,"column":3}}],"line":23},"9":{"loc":{"start":{"line":25,"column":9},"end":{"line":34,"column":3}},"type":"if","locations":[{"start":{"line":25,"column":9},"end":{"line":34,"column":3}},{"start":{"line":30,"column":9},"end":{"line":34,"column":3}}],"line":25},"10":{"loc":{"start":{"line":26,"column":4},"end":{"line":27,"column":33}},"type":"binary-expr","locations":[{"start":{"line":26,"column":4},"end":{"line":26,"column":38}},{"start":{"line":27,"column":4},"end":{"line":27,"column":33}}],"line":26},"11":{"loc":{"start":{"line":30,"column":9},"end":{"line":34,"column":3}},"type":"if","locations":[{"start":{"line":30,"column":9},"end":{"line":34,"column":3}},{"start":{"line":32,"column":9},"end":{"line":34,"column":3}}],"line":30}},"s":{"0":16,"1":0,"2":0,"3":16,"4":2,"5":14,"6":2,"7":12,"8":0,"9":12,"10":0,"11":0,"12":12,"13":0,"14":12,"15":2,"16":10,"17":2,"18":8,"19":6,"20":2,"21":2,"22":0,"23":1},"f":{"0":16,"1":0},"b":{"0":[0,16],"1":[2,14],"2":[2,12],"3":[0,12],"4":[12,12,12],"5":[0,12],"6":[0,12],"7":[2,10],"8":[2,8],"9":[6,2],"10":[8,5],"11":[2,0]},"_coverageSchema":"1a1c01bbd47fc00a2c39e90264f33305004495a9","hash":"859f4f0e97fcfea04182201bc27bbe96936dca06"}
,"C:\\Users\\User\\ip-rezaarga29-dev\\server\\models\\index.js": {"path":"C:\\Users\\User\\ip-rezaarga29-dev\\server\\models\\index.js","statementMap":{"0":{"start":{"line":3,"column":11},"end":{"line":3,"column":24}},"1":{"start":{"line":4,"column":13},"end":{"line":4,"column":28}},"2":{"start":{"line":5,"column":18},"end":{"line":5,"column":38}},"3":{"start":{"line":6,"column":16},"end":{"line":6,"column":34}},"4":{"start":{"line":7,"column":17},"end":{"line":7,"column":42}},"5":{"start":{"line":8,"column":12},"end":{"line":8,"column":49}},"6":{"start":{"line":9,"column":15},"end":{"line":9,"column":65}},"7":{"start":{"line":10,"column":11},"end":{"line":10,"column":13}},"8":{"start":{"line":13,"column":0},"end":{"line":22,"column":1}},"9":{"start":{"line":14,"column":2},"end":{"line":14,"column":74}},"10":{"start":{"line":16,"column":2},"end":{"line":21,"column":4}},"11":{"start":{"line":24,"column":0},"end":{"line":39,"column":5}},"12":{"start":{"line":26,"column":4},"end":{"line":31,"column":6}},"13":{"start":{"line":34,"column":18},"end":{"line":37,"column":5}},"14":{"start":{"line":38,"column":4},"end":{"line":38,"column":27}},"15":{"start":{"line":41,"column":0},"end":{"line":45,"column":3}},"16":{"start":{"line":42,"column":2},"end":{"line":44,"column":3}},"17":{"start":{"line":43,"column":4},"end":{"line":43,"column":32}},"18":{"start":{"line":47,"column":0},"end":{"line":47,"column":25}},"19":{"start":{"line":48,"column":0},"end":{"line":48,"column":25}},"20":{"start":{"line":50,"column":0},"end":{"line":50,"column":20}}},"fnMap":{"0":{"name":"(anonymous_0)","decl":{"start":{"line":25,"column":10},"end":{"line":25,"column":11}},"loc":{"start":{"line":25,"column":20},"end":{"line":32,"column":3}},"line":25},"1":{"name":"(anonymous_1)","decl":{"start":{"line":33,"column":11},"end":{"line":33,"column":12}},"loc":{"start":{"line":33,"column":21},"end":{"line":39,"column":3}},"line":33},"2":{"name":"(anonymous_2)","decl":{"start":{"line":41,"column":24},"end":{"line":41,"column":25}},"loc":{"start":{"line":41,"column":39},"end":{"line":45,"column":1}},"line":41}},"branchMap":{"0":{"loc":{"start":{"line":8,"column":12},"end":{"line":8,"column":49}},"type":"binary-expr","locations":[{"start":{"line":8,"column":12},"end":{"line":8,"column":32}},{"start":{"line":8,"column":36},"end":{"line":8,"column":49}}],"line":8},"1":{"loc":{"start":{"line":13,"column":0},"end":{"line":22,"column":1}},"type":"if","locations":[{"start":{"line":13,"column":0},"end":{"line":22,"column":1}},{"start":{"line":15,"column":7},"end":{"line":22,"column":1}}],"line":13},"2":{"loc":{"start":{"line":27,"column":6},"end":{"line":30,"column":37}},"type":"binary-expr","locations":[{"start":{"line":27,"column":6},"end":{"line":27,"column":29}},{"start":{"line":28,"column":6},"end":{"line":28,"column":23}},{"start":{"line":29,"column":6},"end":{"line":29,"column":30}},{"start":{"line":30,"column":6},"end":{"line":30,"column":37}}],"line":27},"3":{"loc":{"start":{"line":42,"column":2},"end":{"line":44,"column":3}},"type":"if","locations":[{"start":{"line":42,"column":2},"end":{"line":44,"column":3}},{"start":{},"end":{}}],"line":42}},"s":{"0":1,"1":1,"2":1,"3":1,"4":1,"5":1,"6":1,"7":1,"8":1,"9":0,"10":1,"11":1,"12":3,"13":2,"14":2,"15":1,"16":2,"17":2,"18":1,"19":1,"20":1},"f":{"0":3,"1":2,"2":2},"b":{"0":[1,0],"1":[0,1],"2":[3,3,2,2],"3":[2,0]},"_coverageSchema":"1a1c01bbd47fc00a2c39e90264f33305004495a9","hash":"e63269c534cc91c17f81a23fefe2beaf392cfda3"}
,"C:\\Users\\User\\ip-rezaarga29-dev\\server\\models\\user.js": {"path":"C:\\Users\\User\\ip-rezaarga29-dev\\server\\models\\user.js","statementMap":{"0":{"start":{"line":2,"column":18},"end":{"line":2,"column":38}},"1":{"start":{"line":3,"column":25},"end":{"line":3,"column":53}},"2":{"start":{"line":4,"column":0},"end":{"line":65,"column":2}},"3":{"start":{"line":12,"column":6},"end":{"line":12,"column":37}},"4":{"start":{"line":15,"column":2},"end":{"line":63,"column":4}},"5":{"start":{"line":58,"column":10},"end":{"line":58,"column":54}},"6":{"start":{"line":59,"column":10},"end":{"line":59,"column":29}},"7":{"start":{"line":64,"column":2},"end":{"line":64,"column":14}}},"fnMap":{"0":{"name":"(anonymous_0)","decl":{"start":{"line":4,"column":17},"end":{"line":4,"column":18}},"loc":{"start":{"line":4,"column":43},"end":{"line":65,"column":1}},"line":4},"1":{"name":"(anonymous_1)","decl":{"start":{"line":11,"column":4},"end":{"line":11,"column":5}},"loc":{"start":{"line":11,"column":29},"end":{"line":13,"column":5}},"line":11},"2":{"name":"(anonymous_2)","decl":{"start":{"line":57,"column":22},"end":{"line":57,"column":23}},"loc":{"start":{"line":57,"column":41},"end":{"line":60,"column":9}},"line":57}},"branchMap":{},"s":{"0":1,"1":1,"2":1,"3":1,"4":1,"5":0,"6":0,"7":1},"f":{"0":1,"1":1,"2":0},"b":{},"_coverageSchema":"1a1c01bbd47fc00a2c39e90264f33305004495a9","hash":"134b996a74cca24d3f4eecc215a4462ac086c4c8"}
,"C:\\Users\\User\\ip-rezaarga29-dev\\server\\models\\watchlist.js": {"path":"C:\\Users\\User\\ip-rezaarga29-dev\\server\\models\\watchlist.js","statementMap":{"0":{"start":{"line":2,"column":18},"end":{"line":2,"column":38}},"1":{"start":{"line":3,"column":0},"end":{"line":29,"column":2}},"2":{"start":{"line":12,"column":6},"end":{"line":12,"column":39}},"3":{"start":{"line":15,"column":2},"end":{"line":27,"column":4}},"4":{"start":{"line":28,"column":2},"end":{"line":28,"column":19}}},"fnMap":{"0":{"name":"(anonymous_0)","decl":{"start":{"line":3,"column":17},"end":{"line":3,"column":18}},"loc":{"start":{"line":3,"column":43},"end":{"line":29,"column":1}},"line":3},"1":{"name":"(anonymous_1)","decl":{"start":{"line":10,"column":4},"end":{"line":10,"column":5}},"loc":{"start":{"line":10,"column":29},"end":{"line":13,"column":5}},"line":10}},"branchMap":{},"s":{"0":1,"1":1,"2":1,"3":1,"4":1},"f":{"0":1,"1":1},"b":{},"_coverageSchema":"1a1c01bbd47fc00a2c39e90264f33305004495a9","hash":"a9f7b3347dbf17e1865430ed239264755a01e79a"}
,"C:\\Users\\User\\ip-rezaarga29-dev\\server\\routers\\index.js": {"path":"C:\\Users\\User\\ip-rezaarga29-dev\\server\\routers\\index.js","statementMap":{"0":{"start":{"line":1,"column":15},"end":{"line":1,"column":42}},"1":{"start":{"line":3,"column":0},"end":{"line":5,"column":3}},"2":{"start":{"line":4,"column":2},"end":{"line":4,"column":27}},"3":{"start":{"line":7,"column":0},"end":{"line":7,"column":30}},"4":{"start":{"line":8,"column":0},"end":{"line":8,"column":35}},"5":{"start":{"line":10,"column":0},"end":{"line":10,"column":24}}},"fnMap":{"0":{"name":"(anonymous_0)","decl":{"start":{"line":3,"column":16},"end":{"line":3,"column":17}},"loc":{"start":{"line":3,"column":30},"end":{"line":5,"column":1}},"line":3}},"branchMap":{},"s":{"0":1,"1":1,"2":0,"3":1,"4":1,"5":1},"f":{"0":0},"b":{},"_coverageSchema":"1a1c01bbd47fc00a2c39e90264f33305004495a9","hash":"2b52891cff0fec6a924304e22a8935a1417944c8"}
,"C:\\Users\\User\\ip-rezaarga29-dev\\server\\routers\\user.js": {"path":"C:\\Users\\User\\ip-rezaarga29-dev\\server\\routers\\user.js","statementMap":{"0":{"start":{"line":1,"column":23},"end":{"line":1,"column":63}},"1":{"start":{"line":2,"column":23},"end":{"line":2,"column":61}},"2":{"start":{"line":3,"column":26},"end":{"line":3,"column":65}},"3":{"start":{"line":5,"column":15},"end":{"line":5,"column":42}},"4":{"start":{"line":7,"column":0},"end":{"line":7,"column":58}},"5":{"start":{"line":8,"column":0},"end":{"line":8,"column":48}},"6":{"start":{"line":9,"column":0},"end":{"line":9,"column":57}},"7":{"start":{"line":10,"column":0},"end":{"line":14,"column":2}},"8":{"start":{"line":16,"column":0},"end":{"line":16,"column":24}}},"fnMap":{},"branchMap":{},"s":{"0":1,"1":1,"2":1,"3":1,"4":1,"5":1,"6":1,"7":1,"8":1},"f":{},"b":{},"_coverageSchema":"1a1c01bbd47fc00a2c39e90264f33305004495a9","hash":"fdfc74fc6a3230d442a29f5adab9fd6f287d81f4"}
,"C:\\Users\\User\\ip-rezaarga29-dev\\server\\routers\\watchlist.js": {"path":"C:\\Users\\User\\ip-rezaarga29-dev\\server\\routers\\watchlist.js","statementMap":{"0":{"start":{"line":1,"column":15},"end":{"line":1,"column":42}},"1":{"start":{"line":2,"column":28},"end":{"line":2,"column":73}},"2":{"start":{"line":3,"column":23},"end":{"line":3,"column":61}},"3":{"start":{"line":4,"column":26},"end":{"line":4,"column":65}},"4":{"start":{"line":6,"column":0},"end":{"line":6,"column":73}},"5":{"start":{"line":7,"column":0},"end":{"line":7,"column":76}},"6":{"start":{"line":8,"column":0},"end":{"line":13,"column":2}},"7":{"start":{"line":14,"column":0},"end":{"line":19,"column":2}},"8":{"start":{"line":20,"column":0},"end":{"line":25,"column":2}},"9":{"start":{"line":27,"column":0},"end":{"line":27,"column":24}}},"fnMap":{},"branchMap":{},"s":{"0":1,"1":1,"2":1,"3":1,"4":1,"5":1,"6":1,"7":1,"8":1,"9":1},"f":{},"b":{},"_coverageSchema":"1a1c01bbd47fc00a2c39e90264f33305004495a9","hash":"3bcc62576ea83a8e80aacd366876bb9581ad2ae7"}
}
