TN:
SF:app.js
FNF:0
FNH:0
DA:1,1
DA:2,1
DA:4,1
DA:5,1
DA:6,1
DA:7,1
DA:8,1
DA:10,1
DA:11,1
DA:12,1
DA:13,1
DA:14,1
DA:16,1
LF:13
LH:13
BRDA:1,0,0,1
BRDA:1,0,1,0
BRF:2
BRH:1
end_of_record
TN:
SF:controllers\UserController.js
FN:8,(anonymous_0)
FN:23,(anonymous_1)
FN:54,(anonymous_2)
FN:84,(anonymous_3)
FNF:4
FNH:1
FNDA:0,(anonymous_0)
FNDA:6,(anonymous_1)
FNDA:0,(anonymous_2)
FNDA:0,(anonymous_3)
DA:1,1
DA:2,1
DA:3,1
DA:4,1
DA:5,1
DA:6,1
DA:9,0
DA:10,0
DA:11,0
DA:16,0
DA:17,0
DA:19,0
DA:24,6
DA:25,6
DA:26,6
DA:27,2
DA:30,4
DA:33,4
DA:34,1
DA:37,3
DA:38,3
DA:39,1
DA:42,2
DA:46,2
DA:50,4
DA:55,0
DA:56,0
DA:58,0
DA:63,0
DA:64,0
DA:71,0
DA:75,0
DA:79,0
DA:80,0
DA:85,0
DA:86,0
DA:88,0
DA:92,0
DA:104,0
DA:105,0
DA:107,0
DA:108,0
DA:113,1
LF:43
LH:20
BRDA:26,0,0,2
BRDA:26,0,1,4
BRDA:26,1,0,6
BRDA:26,1,1,5
BRDA:33,2,0,1
BRDA:33,2,1,3
BRDA:38,3,0,1
BRDA:38,3,1,2
BRF:8
BRH:8
end_of_record
TN:
SF:controllers\WatchlistController.js
FN:4,(anonymous_0)
FN:37,(anonymous_1)
FN:54,(anonymous_2)
FN:71,(anonymous_3)
FN:84,(anonymous_4)
FNF:5
FNH:3
FNDA:4,(anonymous_0)
FNDA:0,(anonymous_1)
FNDA:2,(anonymous_2)
FNDA:0,(anonymous_3)
FNDA:1,(anonymous_4)
DA:1,1
DA:5,4
DA:6,4
DA:8,4
DA:9,1
DA:12,3
DA:19,3
DA:20,0
DA:23,3
DA:30,3
DA:32,1
DA:33,1
DA:38,0
DA:39,0
DA:44,0
DA:45,0
DA:47,0
DA:49,0
DA:50,0
DA:55,2
DA:56,2
DA:57,2
DA:58,1
DA:60,1
DA:61,1
DA:62,0
DA:64,1
DA:65,1
DA:67,1
DA:72,0
DA:73,0
DA:74,0
DA:75,0
DA:76,0
DA:78,0
DA:80,0
DA:85,1
DA:86,1
DA:88,1
DA:90,1
DA:91,0
DA:93,1
DA:94,1
DA:98,0
DA:103,1
LF:45
LH:27
BRDA:8,0,0,1
BRDA:8,0,1,3
BRDA:19,1,0,0
BRDA:19,1,1,3
BRDA:44,2,0,0
BRDA:44,2,1,0
BRDA:44,3,0,0
BRDA:44,3,1,0
BRDA:57,4,0,1
BRDA:57,4,1,1
BRDA:61,5,0,0
BRDA:61,5,1,1
BRDA:75,6,0,0
BRDA:75,6,1,0
BRDA:90,7,0,0
BRDA:90,7,1,1
BRF:16
BRH:7
end_of_record
TN:
SF:helpers\bcrypt.js
FN:3,(anonymous_0)
FN:8,(anonymous_1)
FNF:2
FNH:1
FNDA:0,(anonymous_0)
FNDA:3,(anonymous_1)
DA:1,1
DA:3,1
DA:4,0
DA:5,0
DA:8,1
DA:9,3
DA:10,3
DA:13,1
LF:8
LH:6
BRF:0
BRH:0
end_of_record
TN:
SF:helpers\jwt.js
FN:4,(anonymous_0)
FN:10,(anonymous_1)
FNF:2
FNH:2
FNDA:2,(anonymous_0)
FNDA:14,(anonymous_1)
DA:1,1
DA:2,1
DA:4,1
DA:5,2
DA:7,2
DA:10,1
DA:11,14
DA:13,11
DA:16,1
LF:9
LH:9
BRF:0
BRH:0
end_of_record
TN:
SF:middlewares\authenticate.js
FN:4,(anonymous_0)
FNF:1
FNH:1
FNDA:17,(anonymous_0)
DA:1,1
DA:2,1
DA:4,1
DA:5,17
DA:6,17
DA:7,3
DA:10,14
DA:11,14
DA:13,14
DA:14,11
DA:15,11
DA:16,0
DA:19,11
DA:20,0
DA:23,11
DA:27,11
DA:29,6
DA:33,1
LF:18
LH:16
BRDA:6,0,0,3
BRDA:6,0,1,14
BRDA:15,1,0,0
BRDA:15,1,1,11
BRDA:19,2,0,0
BRDA:19,2,1,11
BRF:6
BRH:4
end_of_record
TN:
SF:middlewares\authorization.js
FN:3,(anonymous_0)
FN:23,(anonymous_1)
FNF:2
FNH:1
FNDA:7,(anonymous_0)
FNDA:0,(anonymous_1)
DA:1,1
DA:3,1
DA:4,7
DA:5,7
DA:6,7
DA:7,7
DA:8,2
DA:11,5
DA:12,3
DA:13,2
DA:14,2
DA:16,0
DA:19,4
DA:23,1
DA:24,0
DA:25,0
DA:27,0
DA:28,0
DA:30,0
DA:33,0
DA:37,1
LF:21
LH:14
BRDA:7,0,0,2
BRDA:7,0,1,5
BRDA:11,1,0,3
BRDA:11,1,1,2
BRDA:13,2,0,2
BRDA:13,2,1,0
BRDA:27,3,0,0
BRDA:27,3,1,0
BRF:8
BRH:5
end_of_record
TN:
SF:middlewares\errorHandler.js
FN:1,errorHandler
FN:16,(anonymous_1)
FNF:2
FNH:1
FNDA:16,errorHandler
FNDA:0,(anonymous_1)
DA:2,16
DA:3,0
DA:4,0
DA:5,16
DA:6,2
DA:7,14
DA:8,2
DA:9,12
DA:14,0
DA:15,12
DA:16,0
DA:17,0
DA:19,12
DA:20,0
DA:21,12
DA:22,2
DA:23,10
DA:24,2
DA:25,8
DA:29,6
DA:30,2
DA:31,2
DA:33,0
DA:37,1
LF:24
LH:17
BRDA:2,0,0,0
BRDA:2,0,1,16
BRDA:5,1,0,2
BRDA:5,1,1,14
BRDA:7,2,0,2
BRDA:7,2,1,12
BRDA:9,3,0,0
BRDA:9,3,1,12
BRDA:10,4,0,12
BRDA:10,4,1,12
BRDA:10,4,2,12
BRDA:15,5,0,0
BRDA:15,5,1,12
BRDA:19,6,0,0
BRDA:19,6,1,12
BRDA:21,7,0,2
BRDA:21,7,1,10
BRDA:23,8,0,2
BRDA:23,8,1,8
BRDA:25,9,0,6
BRDA:25,9,1,2
BRDA:26,10,0,8
BRDA:26,10,1,5
BRDA:30,11,0,2
BRDA:30,11,1,0
BRF:25
BRH:20
end_of_record
TN:
SF:models\index.js
FN:25,(anonymous_0)
FN:33,(anonymous_1)
FN:41,(anonymous_2)
FNF:3
FNH:3
FNDA:3,(anonymous_0)
FNDA:2,(anonymous_1)
FNDA:2,(anonymous_2)
DA:3,1
DA:4,1
DA:5,1
DA:6,1
DA:7,1
DA:8,1
DA:9,1
DA:10,1
DA:13,1
DA:14,0
DA:16,1
DA:24,1
DA:26,3
DA:34,2
DA:38,2
DA:41,1
DA:42,2
DA:43,2
DA:47,1
DA:48,1
DA:50,1
LF:21
LH:20
BRDA:8,0,0,1
BRDA:8,0,1,0
BRDA:13,1,0,0
BRDA:13,1,1,1
BRDA:27,2,0,3
BRDA:27,2,1,3
BRDA:27,2,2,2
BRDA:27,2,3,2
BRDA:42,3,0,2
BRDA:42,3,1,0
BRF:10
BRH:7
end_of_record
TN:
SF:models\user.js
FN:4,(anonymous_0)
FN:11,(anonymous_1)
FN:57,(anonymous_2)
FNF:3
FNH:2
FNDA:1,(anonymous_0)
FNDA:1,(anonymous_1)
FNDA:0,(anonymous_2)
DA:2,1
DA:3,1
DA:4,1
DA:12,1
DA:15,1
DA:58,0
DA:59,0
DA:64,1
LF:8
LH:6
BRF:0
BRH:0
end_of_record
TN:
SF:models\watchlist.js
FN:3,(anonymous_0)
FN:10,(anonymous_1)
FNF:2
FNH:2
FNDA:1,(anonymous_0)
FNDA:1,(anonymous_1)
DA:2,1
DA:3,1
DA:12,1
DA:15,1
DA:28,1
LF:5
LH:5
BRF:0
BRH:0
end_of_record
TN:
SF:routers\index.js
FN:3,(anonymous_0)
FNF:1
FNH:0
FNDA:0,(anonymous_0)
DA:1,1
DA:3,1
DA:4,0
DA:7,1
DA:8,1
DA:10,1
LF:6
LH:5
BRF:0
BRH:0
end_of_record
TN:
SF:routers\user.js
FNF:0
FNH:0
DA:1,1
DA:2,1
DA:3,1
DA:5,1
DA:7,1
DA:8,1
DA:9,1
DA:10,1
DA:16,1
LF:9
LH:9
BRF:0
BRH:0
end_of_record
TN:
SF:routers\watchlist.js
FNF:0
FNH:0
DA:1,1
DA:2,1
DA:3,1
DA:4,1
DA:6,1
DA:7,1
DA:8,1
DA:14,1
DA:20,1
DA:27,1
LF:10
LH:10
BRF:0
BRH:0
end_of_record
